<?xml version="1.0" encoding="UTF-8"?>
<testsuite xmlns:xsi="http://www.w3.org/2001/XMLSchema-instance" xsi:noNamespaceSchemaLocation="https://maven.apache.org/surefire/maven-surefire-plugin/xsd/surefire-test-report.xsd" name="com.sbk.CalculatorBySBK.AppTest" time="0.052" tests="5" errors="0" skipped="0" failures="0">
  <properties>
[...]
</properties>
  <testcase name="subtraction" classname="com.sbk.CalculatorBySBK.AppTest" time="0.002"/>
  <testcase name="addition" classname="com.sbk.CalculatorBySBK.AppTest" time="0"/>
  <testcase name="modulo" classname="com.sbk.CalculatorBySBK.AppTest" time="0"/>
  <testcase name="division" classname="com.sbk.CalculatorBySBK.AppTest" time="0"/>
  <testcase name="multiplication" classname="com.sbk.CalculatorBySBK.AppTest" time="0.001"/>
</testsuite>